<?xml version="1.0" encoding="UTF-8"?>
<!-- Generated by org.testng.reporters.JUnitReportReporter -->
<testsuite hostname="RP" failures="0" tests="3" name="tests.LoginTest" time="1.420" errors="0" timestamp="2023-01-21T13:10:52 EST" skipped="0">
  <testcase classname="tests.LoginTest" name="EnterUserid" time="0.861"/>
  <testcase classname="tests.LoginTest" name="EnterUserPassword" time="0.152"/>
  <testcase classname="tests.LoginTest" name="ClickonSignInButton" time="0.407"/>
</testsuite> <!-- tests.LoginTest -->
